<?xml version="1.0" encoding="UTF-8"?>
<testsuite name="MainTest" tests="1" skipped="0" failures="0" errors="0" timestamp="2022-12-16T12:56:58" hostname="DESKTOP-EMSFNAC" time="0.036">
  <properties/>
  <testcase name="probandoGenerandoPalabras()" classname="MainTest" time="0.036"/>
  <system-out><![CDATA[Existe la palabra
]]></system-out>
  <system-err><![CDATA[]]></system-err>
</testsuite>
