<?xml version="1.0" encoding="UTF-8"?>
<testsuite name="MainTest" tests="1" skipped="0" failures="0" errors="0" timestamp="2022-12-15T19:33:22" hostname="DESKTOP-EMSFNAC" time="0.063">
  <properties/>
  <testcase name="probandoConversionDeDatos()" classname="MainTest" time="0.063"/>
  <system-out><![CDATA[]]></system-out>
  <system-err><![CDATA[]]></system-err>
</testsuite>
