<?xml version="1.0" encoding="UTF-8"?>
<testsuite name="MainTest" tests="1" skipped="0" failures="0" errors="0" timestamp="2022-12-15T16:25:39" hostname="DESKTOP-EMSFNAC" time="0.038">
  <properties/>
  <testcase name="probandoEsCapicua()" classname="MainTest" time="0.038"/>
  <system-out><![CDATA[]]></system-out>
  <system-err><![CDATA[]]></system-err>
</testsuite>
