<?xml version="1.0" encoding="UTF-8"?>
<testsuite name="MainTest" tests="2" skipped="0" failures="0" errors="0" timestamp="2022-09-26T18:49:35" hostname="DESKTOP-EMSFNAC" time="5.103">
  <properties/>
  <testcase name="ingresado un valor mayor que 0 se genera un arreglo de enteros de la misma logitud()" classname="MainTest" time="5.093"/>
  <testcase name="obtener la suma de todos los elementos en un arreglo()" classname="MainTest" time="0.007"/>
  <system-out><![CDATA[Ingrese numero 1: 
Ingrese numero 2: 
Ingrese numero 3: 
Ingrese numero 4: 
Ingrese numero 5: 
Ingrese numero 6: 
Ingrese numero 7: 
Ingrese numero 8: 
Ingrese numero 9: 
Ingrese numero 10: 
]]></system-out>
  <system-err><![CDATA[]]></system-err>
</testsuite>
